

Started GET "/" for 127.0.0.1 at 2015-07-04 17:18:26 -0300

Gem::LoadError (Specified 'sqlite3' for database adapter, but the gem is not loaded. Add `gem 'sqlite3'` to your Gemfile (and ensure its version is at the minimum required by ActiveRecord).):
  activerecord (4.2.3) lib/active_record/connection_adapters/connection_specification.rb:177:in `rescue in spec'
  activerecord (4.2.3) lib/active_record/connection_adapters/connection_specification.rb:174:in `spec'
  activerecord (4.2.3) lib/active_record/connection_handling.rb:50:in `establish_connection'
  activerecord (4.2.3) lib/active_record/railtie.rb:120:in `block (2 levels) in <class:Railtie>'
  activesupport (4.2.3) lib/active_support/lazy_load_hooks.rb:38:in `instance_eval'
  activesupport (4.2.3) lib/active_support/lazy_load_hooks.rb:38:in `execute_hook'
  activesupport (4.2.3) lib/active_support/lazy_load_hooks.rb:45:in `block in run_load_hooks'
  activesupport (4.2.3) lib/active_support/lazy_load_hooks.rb:44:in `each'
  activesupport (4.2.3) lib/active_support/lazy_load_hooks.rb:44:in `run_load_hooks'
  activerecord (4.2.3) lib/active_record/base.rb:315:in `<module:ActiveRecord>'
  activerecord (4.2.3) lib/active_record/base.rb:26:in `<top (required)>'
  activerecord (4.2.3) lib/active_record/migration.rb:383:in `connection'
  activerecord (4.2.3) lib/active_record/migration.rb:370:in `call'
  actionpack (4.2.3) lib/action_dispatch/middleware/callbacks.rb:29:in `block in call'
  activesupport (4.2.3) lib/active_support/callbacks.rb:84:in `run_callbacks'
  actionpack (4.2.3) lib/action_dispatch/middleware/callbacks.rb:27:in `call'
  actionpack (4.2.3) lib/action_dispatch/middleware/reloader.rb:73:in `call'
  actionpack (4.2.3) lib/action_dispatch/middleware/remote_ip.rb:78:in `call'
  actionpack (4.2.3) lib/action_dispatch/middleware/debug_exceptions.rb:17:in `call'
  actionpack (4.2.3) lib/action_dispatch/middleware/show_exceptions.rb:30:in `call'
  railties (4.2.3) lib/rails/rack/logger.rb:38:in `call_app'
  railties (4.2.3) lib/rails/rack/logger.rb:20:in `block in call'
  activesupport (4.2.3) lib/active_support/tagged_logging.rb:68:in `block in tagged'
  activesupport (4.2.3) lib/active_support/tagged_logging.rb:26:in `tagged'
  activesupport (4.2.3) lib/active_support/tagged_logging.rb:68:in `tagged'
  railties (4.2.3) lib/rails/rack/logger.rb:20:in `call'
  actionpack (4.2.3) lib/action_dispatch/middleware/request_id.rb:21:in `call'
  rack (1.6.4) lib/rack/methodoverride.rb:22:in `call'
  rack (1.6.4) lib/rack/runtime.rb:18:in `call'
  activesupport (4.2.3) lib/active_support/cache/strategy/local_cache_middleware.rb:28:in `call'
  rack (1.6.4) lib/rack/lock.rb:17:in `call'
  actionpack (4.2.3) lib/action_dispatch/middleware/static.rb:116:in `call'
  rack (1.6.4) lib/rack/sendfile.rb:113:in `call'
  railties (4.2.3) lib/rails/engine.rb:518:in `call'
  railties (4.2.3) lib/rails/application.rb:165:in `call'
  rack (1.6.4) lib/rack/lock.rb:17:in `call'
  rack (1.6.4) lib/rack/content_length.rb:15:in `call'
  rack (1.6.4) lib/rack/handler/webrick.rb:88:in `service'
  /home/jorge/.rbenv/versions/2.2.2/lib/ruby/2.2.0/webrick/httpserver.rb:138:in `service'
  /home/jorge/.rbenv/versions/2.2.2/lib/ruby/2.2.0/webrick/httpserver.rb:94:in `run'
  /home/jorge/.rbenv/versions/2.2.2/lib/ruby/2.2.0/webrick/server.rb:294:in `block in start_thread'


  Rendered /home/jorge/.rbenv/versions/2.2.2/lib/ruby/gems/2.2.0/gems/actionpack-4.2.3/lib/action_dispatch/middleware/templates/rescues/_source.erb (3.3ms)
  Rendered /home/jorge/.rbenv/versions/2.2.2/lib/ruby/gems/2.2.0/gems/actionpack-4.2.3/lib/action_dispatch/middleware/templates/rescues/_trace.html.erb (1.6ms)
  Rendered /home/jorge/.rbenv/versions/2.2.2/lib/ruby/gems/2.2.0/gems/actionpack-4.2.3/lib/action_dispatch/middleware/templates/rescues/_request_and_response.html.erb (0.9ms)
  Rendered /home/jorge/.rbenv/versions/2.2.2/lib/ruby/gems/2.2.0/gems/actionpack-4.2.3/lib/action_dispatch/middleware/templates/rescues/diagnostics.html.erb within rescues/layout (17.9ms)


Started GET "/" for 127.0.0.1 at 2015-07-04 17:21:06 -0300

PG::ConnectionBad (could not connect to server: No such file or directory
	Is the server running locally and accepting
	connections on Unix domain socket "/var/run/postgresql/.s.PGSQL.5432"?
):
  activerecord (4.2.3) lib/active_record/connection_adapters/postgresql_adapter.rb:655:in `initialize'
  activerecord (4.2.3) lib/active_record/connection_adapters/postgresql_adapter.rb:655:in `new'
  activerecord (4.2.3) lib/active_record/connection_adapters/postgresql_adapter.rb:655:in `connect'
  activerecord (4.2.3) lib/active_record/connection_adapters/postgresql_adapter.rb:242:in `initialize'
  activerecord (4.2.3) lib/active_record/connection_adapters/postgresql_adapter.rb:44:in `new'
  activerecord (4.2.3) lib/active_record/connection_adapters/postgresql_adapter.rb:44:in `postgresql_connection'
  activerecord (4.2.3) lib/active_record/connection_adapters/abstract/connection_pool.rb:438:in `new_connection'
  activerecord (4.2.3) lib/active_record/connection_adapters/abstract/connection_pool.rb:448:in `checkout_new_connection'
  activerecord (4.2.3) lib/active_record/connection_adapters/abstract/connection_pool.rb:422:in `acquire_connection'
  activerecord (4.2.3) lib/active_record/connection_adapters/abstract/connection_pool.rb:349:in `block in checkout'
  /home/jorge/.rbenv/versions/2.2.2/lib/ruby/2.2.0/monitor.rb:211:in `mon_synchronize'
  activerecord (4.2.3) lib/active_record/connection_adapters/abstract/connection_pool.rb:348:in `checkout'
  activerecord (4.2.3) lib/active_record/connection_adapters/abstract/connection_pool.rb:263:in `block in connection'
  /home/jorge/.rbenv/versions/2.2.2/lib/ruby/2.2.0/monitor.rb:211:in `mon_synchronize'
  activerecord (4.2.3) lib/active_record/connection_adapters/abstract/connection_pool.rb:262:in `connection'
  activerecord (4.2.3) lib/active_record/connection_adapters/abstract/connection_pool.rb:571:in `retrieve_connection'
  activerecord (4.2.3) lib/active_record/connection_handling.rb:113:in `retrieve_connection'
  activerecord (4.2.3) lib/active_record/connection_handling.rb:87:in `connection'
  activerecord (4.2.3) lib/active_record/migration.rb:383:in `connection'
  activerecord (4.2.3) lib/active_record/migration.rb:370:in `call'
  actionpack (4.2.3) lib/action_dispatch/middleware/callbacks.rb:29:in `block in call'
  activesupport (4.2.3) lib/active_support/callbacks.rb:84:in `run_callbacks'
  actionpack (4.2.3) lib/action_dispatch/middleware/callbacks.rb:27:in `call'
  actionpack (4.2.3) lib/action_dispatch/middleware/reloader.rb:73:in `call'
  actionpack (4.2.3) lib/action_dispatch/middleware/remote_ip.rb:78:in `call'
  actionpack (4.2.3) lib/action_dispatch/middleware/debug_exceptions.rb:17:in `call'
  actionpack (4.2.3) lib/action_dispatch/middleware/show_exceptions.rb:30:in `call'
  railties (4.2.3) lib/rails/rack/logger.rb:38:in `call_app'
  railties (4.2.3) lib/rails/rack/logger.rb:20:in `block in call'
  activesupport (4.2.3) lib/active_support/tagged_logging.rb:68:in `block in tagged'
  activesupport (4.2.3) lib/active_support/tagged_logging.rb:26:in `tagged'
  activesupport (4.2.3) lib/active_support/tagged_logging.rb:68:in `tagged'
  railties (4.2.3) lib/rails/rack/logger.rb:20:in `call'
  actionpack (4.2.3) lib/action_dispatch/middleware/request_id.rb:21:in `call'
  rack (1.6.4) lib/rack/methodoverride.rb:22:in `call'
  rack (1.6.4) lib/rack/runtime.rb:18:in `call'
  activesupport (4.2.3) lib/active_support/cache/strategy/local_cache_middleware.rb:28:in `call'
  rack (1.6.4) lib/rack/lock.rb:17:in `call'
  actionpack (4.2.3) lib/action_dispatch/middleware/static.rb:116:in `call'
  rack (1.6.4) lib/rack/sendfile.rb:113:in `call'
  railties (4.2.3) lib/rails/engine.rb:518:in `call'
  railties (4.2.3) lib/rails/application.rb:165:in `call'
  rack (1.6.4) lib/rack/lock.rb:17:in `call'
  rack (1.6.4) lib/rack/content_length.rb:15:in `call'
  rack (1.6.4) lib/rack/handler/webrick.rb:88:in `service'
  /home/jorge/.rbenv/versions/2.2.2/lib/ruby/2.2.0/webrick/httpserver.rb:138:in `service'
  /home/jorge/.rbenv/versions/2.2.2/lib/ruby/2.2.0/webrick/httpserver.rb:94:in `run'
  /home/jorge/.rbenv/versions/2.2.2/lib/ruby/2.2.0/webrick/server.rb:294:in `block in start_thread'


  Rendered /home/jorge/.rbenv/versions/2.2.2/lib/ruby/gems/2.2.0/gems/actionpack-4.2.3/lib/action_dispatch/middleware/templates/rescues/_source.erb (2.8ms)
  Rendered /home/jorge/.rbenv/versions/2.2.2/lib/ruby/gems/2.2.0/gems/actionpack-4.2.3/lib/action_dispatch/middleware/templates/rescues/_trace.html.erb (2.3ms)
  Rendered /home/jorge/.rbenv/versions/2.2.2/lib/ruby/gems/2.2.0/gems/actionpack-4.2.3/lib/action_dispatch/middleware/templates/rescues/_request_and_response.html.erb (0.8ms)
  Rendered /home/jorge/.rbenv/versions/2.2.2/lib/ruby/gems/2.2.0/gems/actionpack-4.2.3/lib/action_dispatch/middleware/templates/rescues/diagnostics.html.erb within rescues/layout (18.3ms)


Started GET "/" for 127.0.0.1 at 2015-07-04 17:30:42 -0300
Processing by Rails::WelcomeController#index as HTML
  Rendered /home/jorge/.rbenv/versions/2.2.2/lib/ruby/gems/2.2.0/gems/railties-4.2.3/lib/rails/templates/rails/welcome/index.html.erb (1.3ms)
Completed 200 OK in 6ms (Views: 6.1ms | ActiveRecord: 0.0ms)
  [1m[36m (68.7ms)[0m  [1mCREATE TABLE "schema_migrations" ("version" character varying NOT NULL) [0m
  [1m[35m (63.5ms)[0m  CREATE UNIQUE INDEX  "unique_schema_migrations" ON "schema_migrations"  ("version")
  [1m[36mActiveRecord::SchemaMigration Load (0.4ms)[0m  [1mSELECT "schema_migrations".* FROM "schema_migrations"[0m
Migrating to CreateUsers (20150704203739)
  [1m[35m (0.1ms)[0m  BEGIN
  [1m[36m (0.2ms)[0m  [1mROLLBACK[0m
  [1m[36mActiveRecord::SchemaMigration Load (0.2ms)[0m  [1mSELECT "schema_migrations".* FROM "schema_migrations"[0m
Migrating to CreateUsers (20150704203739)
  [1m[35m (0.1ms)[0m  BEGIN
  [1m[36m (76.5ms)[0m  [1mCREATE TABLE "users" ("id" serial primary key, "username" character varying NOT NULL, "email" character varying NOT NULL, "created_at" timestamp NOT NULL, "updated_at" timestamp NOT NULL) [0m
  [1m[35mSQL (0.3ms)[0m  INSERT INTO "schema_migrations" ("version") VALUES ($1)  [["version", "20150704203739"]]
  [1m[36m (8.2ms)[0m  [1mCOMMIT[0m
Migrating to CreateRepositories (20150704203750)
  [1m[35m (0.1ms)[0m  BEGIN
  [1m[36m (70.5ms)[0m  [1mCREATE TABLE "repositories" ("id" serial primary key, "name" character varying NOT NULL, "description" character varying, "created_at" timestamp NOT NULL, "updated_at" timestamp NOT NULL) [0m
  [1m[35mSQL (0.2ms)[0m  INSERT INTO "schema_migrations" ("version") VALUES ($1)  [["version", "20150704203750"]]
  [1m[36m (14.7ms)[0m  [1mCOMMIT[0m
  [1m[35mActiveRecord::SchemaMigration Load (0.1ms)[0m  SELECT "schema_migrations".* FROM "schema_migrations"
  [1m[36m (2.7ms)[0m  [1mSELECT t2.oid::regclass::text AS to_table, a1.attname AS column, a2.attname AS primary_key, c.conname AS name, c.confupdtype AS on_update, c.confdeltype AS on_delete
FROM pg_constraint c
JOIN pg_class t1 ON c.conrelid = t1.oid
JOIN pg_class t2 ON c.confrelid = t2.oid
JOIN pg_attribute a1 ON a1.attnum = c.conkey[1] AND a1.attrelid = t1.oid
JOIN pg_attribute a2 ON a2.attnum = c.confkey[1] AND a2.attrelid = t2.oid
JOIN pg_namespace t3 ON c.connamespace = t3.oid
WHERE c.contype = 'f'
  AND t1.relname = 'repositories'
  AND t3.nspname = ANY (current_schemas(false))
ORDER BY c.conname
[0m
  [1m[35m (2.4ms)[0m  SELECT t2.oid::regclass::text AS to_table, a1.attname AS column, a2.attname AS primary_key, c.conname AS name, c.confupdtype AS on_update, c.confdeltype AS on_delete
FROM pg_constraint c
JOIN pg_class t1 ON c.conrelid = t1.oid
JOIN pg_class t2 ON c.confrelid = t2.oid
JOIN pg_attribute a1 ON a1.attnum = c.conkey[1] AND a1.attrelid = t1.oid
JOIN pg_attribute a2 ON a2.attnum = c.confkey[1] AND a2.attrelid = t2.oid
JOIN pg_namespace t3 ON c.connamespace = t3.oid
WHERE c.contype = 'f'
  AND t1.relname = 'users'
  AND t3.nspname = ANY (current_schemas(false))
ORDER BY c.conname

  [1m[36mActiveRecord::SchemaMigration Load (29.9ms)[0m  [1mSELECT "schema_migrations".* FROM "schema_migrations"[0m
  [1m[35mActiveRecord::SchemaMigration Load (0.2ms)[0m  SELECT "schema_migrations".* FROM "schema_migrations"
Migrating to CreateRepositories (20150704203750)
  [1m[36m (0.2ms)[0m  [1mBEGIN[0m
  [1m[35m (110.0ms)[0m  DROP TABLE "repositories"
  [1m[36mSQL (0.9ms)[0m  [1mDELETE FROM "schema_migrations" WHERE "schema_migrations"."version" = $1[0m  [["version", "20150704203750"]]
  [1m[35m (38.8ms)[0m  COMMIT
  [1m[36mActiveRecord::SchemaMigration Load (0.2ms)[0m  [1mSELECT "schema_migrations".* FROM "schema_migrations"[0m
  [1m[35m (2.2ms)[0m  SELECT t2.oid::regclass::text AS to_table, a1.attname AS column, a2.attname AS primary_key, c.conname AS name, c.confupdtype AS on_update, c.confdeltype AS on_delete
FROM pg_constraint c
JOIN pg_class t1 ON c.conrelid = t1.oid
JOIN pg_class t2 ON c.confrelid = t2.oid
JOIN pg_attribute a1 ON a1.attnum = c.conkey[1] AND a1.attrelid = t1.oid
JOIN pg_attribute a2 ON a2.attnum = c.confkey[1] AND a2.attrelid = t2.oid
JOIN pg_namespace t3 ON c.connamespace = t3.oid
WHERE c.contype = 'f'
  AND t1.relname = 'users'
  AND t3.nspname = ANY (current_schemas(false))
ORDER BY c.conname

  [1m[36mActiveRecord::SchemaMigration Load (0.2ms)[0m  [1mSELECT "schema_migrations".* FROM "schema_migrations"[0m
  [1m[35mActiveRecord::SchemaMigration Load (0.1ms)[0m  SELECT "schema_migrations".* FROM "schema_migrations"
Migrating to CreateUsers (20150704203739)
  [1m[36m (0.1ms)[0m  [1mBEGIN[0m
  [1m[35m (1.0ms)[0m  DROP TABLE "users"
  [1m[36mSQL (0.3ms)[0m  [1mDELETE FROM "schema_migrations" WHERE "schema_migrations"."version" = $1[0m  [["version", "20150704203739"]]
  [1m[35m (22.7ms)[0m  COMMIT
  [1m[36mActiveRecord::SchemaMigration Load (0.2ms)[0m  [1mSELECT "schema_migrations".* FROM "schema_migrations"[0m
  [1m[36mActiveRecord::SchemaMigration Load (0.3ms)[0m  [1mSELECT "schema_migrations".* FROM "schema_migrations"[0m
Migrating to CreateUsers (20150704203739)
  [1m[35m (0.2ms)[0m  BEGIN
  [1m[36m (222.6ms)[0m  [1mCREATE TABLE "users" ("id" serial primary key, "username" character varying NOT NULL, "email" character varying NOT NULL, "created_at" timestamp NOT NULL, "updated_at" timestamp NOT NULL) [0m
  [1m[35m (53.7ms)[0m  CREATE  INDEX  "index_users_on_username" ON "users"  ("username")
  [1m[36mSQL (0.2ms)[0m  [1mINSERT INTO "schema_migrations" ("version") VALUES ($1)[0m  [["version", "20150704203739"]]
  [1m[35m (26.7ms)[0m  COMMIT
Migrating to CreateRepositories (20150704203750)
  [1m[36m (0.2ms)[0m  [1mBEGIN[0m
  [1m[35m (92.5ms)[0m  CREATE TABLE "repositories" ("id" serial primary key, "name" character varying NOT NULL, "description" character varying, "user_id" integer, "created_at" timestamp NOT NULL, "updated_at" timestamp NOT NULL) 
  [1m[36m (48.1ms)[0m  [1mCREATE  INDEX  "index_repositories_on_name" ON "repositories"  ("name")[0m
  [1m[35m (37.4ms)[0m  CREATE  INDEX  "index_repositories_on_user_id" ON "repositories"  ("user_id")
  [1m[36mSQL (0.2ms)[0m  [1mINSERT INTO "schema_migrations" ("version") VALUES ($1)[0m  [["version", "20150704203750"]]
  [1m[35m (13.9ms)[0m  COMMIT
  [1m[36mActiveRecord::SchemaMigration Load (0.2ms)[0m  [1mSELECT "schema_migrations".* FROM "schema_migrations"[0m
  [1m[35m (3.6ms)[0m  SELECT t2.oid::regclass::text AS to_table, a1.attname AS column, a2.attname AS primary_key, c.conname AS name, c.confupdtype AS on_update, c.confdeltype AS on_delete
FROM pg_constraint c
JOIN pg_class t1 ON c.conrelid = t1.oid
JOIN pg_class t2 ON c.confrelid = t2.oid
JOIN pg_attribute a1 ON a1.attnum = c.conkey[1] AND a1.attrelid = t1.oid
JOIN pg_attribute a2 ON a2.attnum = c.confkey[1] AND a2.attrelid = t2.oid
JOIN pg_namespace t3 ON c.connamespace = t3.oid
WHERE c.contype = 'f'
  AND t1.relname = 'repositories'
  AND t3.nspname = ANY (current_schemas(false))
ORDER BY c.conname

  [1m[36m (1.9ms)[0m  [1mSELECT t2.oid::regclass::text AS to_table, a1.attname AS column, a2.attname AS primary_key, c.conname AS name, c.confupdtype AS on_update, c.confdeltype AS on_delete
FROM pg_constraint c
JOIN pg_class t1 ON c.conrelid = t1.oid
JOIN pg_class t2 ON c.confrelid = t2.oid
JOIN pg_attribute a1 ON a1.attnum = c.conkey[1] AND a1.attrelid = t1.oid
JOIN pg_attribute a2 ON a2.attnum = c.confkey[1] AND a2.attrelid = t2.oid
JOIN pg_namespace t3 ON c.connamespace = t3.oid
WHERE c.contype = 'f'
  AND t1.relname = 'users'
  AND t3.nspname = ANY (current_schemas(false))
ORDER BY c.conname
[0m
  [1m[36mActiveRecord::SchemaMigration Load (0.2ms)[0m  [1mSELECT "schema_migrations".* FROM "schema_migrations"[0m
  [1m[35mActiveRecord::SchemaMigration Load (0.1ms)[0m  SELECT "schema_migrations".* FROM "schema_migrations"
  [1m[36m (2.0ms)[0m  [1mSELECT t2.oid::regclass::text AS to_table, a1.attname AS column, a2.attname AS primary_key, c.conname AS name, c.confupdtype AS on_update, c.confdeltype AS on_delete
FROM pg_constraint c
JOIN pg_class t1 ON c.conrelid = t1.oid
JOIN pg_class t2 ON c.confrelid = t2.oid
JOIN pg_attribute a1 ON a1.attnum = c.conkey[1] AND a1.attrelid = t1.oid
JOIN pg_attribute a2 ON a2.attnum = c.confkey[1] AND a2.attrelid = t2.oid
JOIN pg_namespace t3 ON c.connamespace = t3.oid
WHERE c.contype = 'f'
  AND t1.relname = 'repositories'
  AND t3.nspname = ANY (current_schemas(false))
ORDER BY c.conname
[0m
  [1m[35m (1.7ms)[0m  SELECT t2.oid::regclass::text AS to_table, a1.attname AS column, a2.attname AS primary_key, c.conname AS name, c.confupdtype AS on_update, c.confdeltype AS on_delete
FROM pg_constraint c
JOIN pg_class t1 ON c.conrelid = t1.oid
JOIN pg_class t2 ON c.confrelid = t2.oid
JOIN pg_attribute a1 ON a1.attnum = c.conkey[1] AND a1.attrelid = t1.oid
JOIN pg_attribute a2 ON a2.attnum = c.confkey[1] AND a2.attrelid = t2.oid
JOIN pg_namespace t3 ON c.connamespace = t3.oid
WHERE c.contype = 'f'
  AND t1.relname = 'users'
  AND t3.nspname = ANY (current_schemas(false))
ORDER BY c.conname



Started GET "/api/users.json" for 127.0.0.1 at 2015-07-08 00:52:57 -0300
  [1m[36mActiveRecord::SchemaMigration Load (0.4ms)[0m  [1mSELECT "schema_migrations".* FROM "schema_migrations"[0m
Processing by Api::UsersController#index as JSON
Unpermitted parameter: format
Unpermitted parameter: format
Unpermitted parameter: format
  [1m[35mUser Load (31.8ms)[0m  SELECT  "users".* FROM "users" LIMIT 25 OFFSET 0
  Rendered api/users/index.json.jbuilder (39.9ms)
Completed 200 OK in 49ms (Views: 12.5ms | ActiveRecord: 32.4ms)
  [1m[36mUser Load (0.7ms)[0m  [1mSELECT  "users".* FROM "users"  ORDER BY "users"."id" ASC LIMIT 1[0m
  [1m[35mUser Load (0.4ms)[0m  SELECT  "users"."id" FROM "users"  ORDER BY "users"."id" ASC LIMIT 1


Started GET "/api/users.json" for 127.0.0.1 at 2015-07-08 01:18:12 -0300
  [1m[36mActiveRecord::SchemaMigration Load (0.4ms)[0m  [1mSELECT "schema_migrations".* FROM "schema_migrations"[0m
Processing by Api::UsersController#index as JSON
Unpermitted parameter: format
Unpermitted parameter: format
Unpermitted parameter: format
  [1m[35mUser Load (0.4ms)[0m  SELECT  "users".* FROM "users" LIMIT 25 OFFSET 0
  Rendered api/users/index.json.jbuilder (7.5ms)
Completed 200 OK in 23ms (Views: 14.3ms | ActiveRecord: 1.0ms)


Started GET "/api/users/1.json" for 127.0.0.1 at 2015-07-09 21:21:11 -0300
  [1m[36mActiveRecord::SchemaMigration Load (46.2ms)[0m  [1mSELECT "schema_migrations".* FROM "schema_migrations"[0m
Processing by Api::UsersController#show as JSON
  Parameters: {"id"=>"1"}
  [1m[35mUser Load (17.7ms)[0m  SELECT  "users".* FROM "users" WHERE "users"."id" = $1 LIMIT 1  [["id", 1]]
Filter chain halted as :set_resource rendered or redirected
Completed 404 Not Found in 118ms (Views: 0.2ms | ActiveRecord: 106.1ms)


Started GET "/api/users/1.json" for 127.0.0.1 at 2015-07-09 21:22:12 -0300
Processing by Api::UsersController#show as JSON
  Parameters: {"id"=>"1"}
  [1m[36mUser Load (0.2ms)[0m  [1mSELECT  "users".* FROM "users" WHERE "users"."id" = $1 LIMIT 1[0m  [["id", 1]]
Filter chain halted as :set_resource rendered or redirected
Completed 404 Not Found in 1ms (Views: 0.1ms | ActiveRecord: 0.2ms)
  [1m[36m (0.2ms)[0m  [1mBEGIN[0m
  [1m[35mSQL (0.5ms)[0m  INSERT INTO "users" ("username", "email", "created_at", "updated_at") VALUES ($1, $2, $3, $4) RETURNING "id"  [["username", "jorge"], ["email", "jorge@gmail.com"], ["created_at", "2015-07-10 00:24:48.645536"], ["updated_at", "2015-07-10 00:24:48.645536"]]
  [1m[36m (60.7ms)[0m  [1mCOMMIT[0m


Started GET "/api/users/1.json" for 127.0.0.1 at 2015-07-09 21:24:59 -0300
  [1m[36mActiveRecord::SchemaMigration Load (0.5ms)[0m  [1mSELECT "schema_migrations".* FROM "schema_migrations"[0m
Processing by Api::UsersController#show as JSON
  Parameters: {"id"=>"1"}
  [1m[35mUser Load (0.3ms)[0m  SELECT  "users".* FROM "users" WHERE "users"."id" = $1 LIMIT 1  [["id", 1]]
Filter chain halted as :set_resource rendered or redirected
Completed 404 Not Found in 24ms (Views: 0.8ms | ActiveRecord: 3.7ms)


Started GET "/api/users/1.json" for 127.0.0.1 at 2015-07-09 21:24:59 -0300
Processing by Api::UsersController#show as JSON
  Parameters: {"id"=>"1"}
  [1m[36mUser Load (0.3ms)[0m  [1mSELECT  "users".* FROM "users" WHERE "users"."id" = $1 LIMIT 1[0m  [["id", 1]]
Filter chain halted as :set_resource rendered or redirected
Completed 404 Not Found in 2ms (Views: 0.3ms | ActiveRecord: 0.3ms)


Started GET "/api/users/1.json" for 127.0.0.1 at 2015-07-09 21:25:07 -0300
Processing by Api::UsersController#show as JSON
  Parameters: {"id"=>"1"}
  [1m[35mUser Load (0.2ms)[0m  SELECT  "users".* FROM "users" WHERE "users"."id" = $1 LIMIT 1  [["id", 1]]
Filter chain halted as :set_resource rendered or redirected
Completed 404 Not Found in 1ms (Views: 0.2ms | ActiveRecord: 0.2ms)


Started GET "/api/users.json" for 127.0.0.1 at 2015-07-09 21:25:14 -0300
Processing by Api::UsersController#index as JSON
Unpermitted parameter: format
Unpermitted parameter: format
Unpermitted parameter: format
  [1m[36mUser Load (0.3ms)[0m  [1mSELECT  "users".* FROM "users" LIMIT 25 OFFSET 0[0m
  Rendered api/users/index.json.jbuilder (8.8ms)
Completed 200 OK in 16ms (Views: 14.2ms | ActiveRecord: 0.3ms)


Started GET "/api/users/3.json" for 127.0.0.1 at 2015-07-09 21:25:20 -0300
Processing by Api::UsersController#show as JSON
  Parameters: {"id"=>"3"}
  [1m[35mUser Load (0.3ms)[0m  SELECT  "users".* FROM "users" WHERE "users"."id" = $1 LIMIT 1  [["id", 3]]
  Couldn't find template for digesting: users/show
  Rendered api/users/show.json.jbuilder (0.4ms)
Completed 200 OK in 9ms (Views: 2.7ms | ActiveRecord: 0.3ms)


Started GET "/api/users/3.json" for 127.0.0.1 at 2015-07-09 21:25:26 -0300
Processing by Api::UsersController#show as JSON
  Parameters: {"id"=>"3"}
  [1m[36mUser Load (0.3ms)[0m  [1mSELECT  "users".* FROM "users" WHERE "users"."id" = $1 LIMIT 1[0m  [["id", 3]]
  Couldn't find template for digesting: users/show
Completed 304 Not Modified in 4ms (ActiveRecord: 0.3ms)


Started GET "/api/users/3.json" for 127.0.0.1 at 2015-07-09 21:25:33 -0300
Processing by Api::UsersController#show as JSON
  Parameters: {"id"=>"3"}
  [1m[35mUser Load (0.4ms)[0m  SELECT  "users".* FROM "users" WHERE "users"."id" = $1 LIMIT 1  [["id", 3]]
  Couldn't find template for digesting: users/show
Completed 304 Not Modified in 3ms (ActiveRecord: 0.4ms)


Started GET "/api/users/3.json" for 127.0.0.1 at 2015-07-09 21:26:10 -0300
  [1m[36mActiveRecord::SchemaMigration Load (0.3ms)[0m  [1mSELECT "schema_migrations".* FROM "schema_migrations"[0m
Processing by Api::UsersController#show as JSON
  Parameters: {"id"=>"3"}
  [1m[35mUser Load (0.3ms)[0m  SELECT  "users".* FROM "users" WHERE "users"."id" = $1 LIMIT 1  [["id", 3]]
  Rendered api/users/show.json.jbuilder (1.9ms)
Completed 200 OK in 28ms (Views: 8.2ms | ActiveRecord: 2.2ms)


Started GET "/api/users/3.json" for 127.0.0.1 at 2015-07-09 21:26:11 -0300
Processing by Api::UsersController#show as JSON
  Parameters: {"id"=>"3"}
  [1m[36mUser Load (0.3ms)[0m  [1mSELECT  "users".* FROM "users" WHERE "users"."id" = $1 LIMIT 1[0m  [["id", 3]]
  Rendered api/users/show.json.jbuilder (0.3ms)
Completed 200 OK in 5ms (Views: 3.4ms | ActiveRecord: 0.3ms)


Started GET "/api/users/3.json" for 127.0.0.1 at 2015-07-09 21:26:12 -0300
Processing by Api::UsersController#show as JSON
  Parameters: {"id"=>"3"}
  [1m[35mUser Load (0.3ms)[0m  SELECT  "users".* FROM "users" WHERE "users"."id" = $1 LIMIT 1  [["id", 3]]
  Rendered api/users/show.json.jbuilder (0.7ms)
Completed 200 OK in 5ms (Views: 3.9ms | ActiveRecord: 0.3ms)


Started GET "/api/users/3.json" for 127.0.0.1 at 2015-07-09 21:26:13 -0300
Processing by Api::UsersController#show as JSON
  Parameters: {"id"=>"3"}
  [1m[36mUser Load (0.3ms)[0m  [1mSELECT  "users".* FROM "users" WHERE "users"."id" = $1 LIMIT 1[0m  [["id", 3]]
  Rendered api/users/show.json.jbuilder (0.5ms)
Completed 200 OK in 5ms (Views: 3.2ms | ActiveRecord: 0.3ms)


Started GET "/api/users/3.json" for 127.0.0.1 at 2015-07-09 21:26:26 -0300
Processing by Api::UsersController#show as JSON
  Parameters: {"id"=>"3"}
  [1m[35mUser Load (0.3ms)[0m  SELECT  "users".* FROM "users" WHERE "users"."id" = $1 LIMIT 1  [["id", 3]]
  Rendered api/users/show.json.jbuilder (0.3ms)
Completed 200 OK in 5ms (Views: 3.6ms | ActiveRecord: 0.3ms)


Started GET "/api/users/3.json" for 127.0.0.1 at 2015-07-09 21:26:49 -0300
  [1m[36mActiveRecord::SchemaMigration Load (0.3ms)[0m  [1mSELECT "schema_migrations".* FROM "schema_migrations"[0m
Processing by Api::UsersController#show as JSON
  Parameters: {"id"=>"3"}
  [1m[35mUser Load (0.3ms)[0m  SELECT  "users".* FROM "users" WHERE "users"."id" = $1 LIMIT 1  [["id", 3]]
  Rendered api/users/show.json.jbuilder (2.0ms)
Completed 200 OK in 28ms (Views: 8.1ms | ActiveRecord: 4.4ms)


Started GET "/api/users/3.json" for 127.0.0.1 at 2015-07-09 21:26:51 -0300
Processing by Api::UsersController#show as JSON
  Parameters: {"id"=>"3"}
  [1m[36mUser Load (0.3ms)[0m  [1mSELECT  "users".* FROM "users" WHERE "users"."id" = $1 LIMIT 1[0m  [["id", 3]]
  Rendered api/users/show.json.jbuilder (0.2ms)
Completed 200 OK in 4ms (Views: 2.4ms | ActiveRecord: 0.3ms)
